<?xml version="1.0" encoding="UTF-8"?>
<!-- Generated by org.testng.reporters.JUnitXMLReporter -->
<testsuite hostname="IN00217" ignored="0" name="Self Service Test Pack" tests="1" failures="1" timestamp="17 Oct 2018 03:58:36 GMT" time="129.545" errors="0">
  <testcase name="feature" time="128.793" classname="cucumber.api.testng.AbstractTestNGCucumberTests">
    <failure type="cucumber.runtime.CucumberException" message="exception.DLGHealthCheckException: Element not found.">
      <![CDATA[cucumber.runtime.CucumberException: exception.DLGHealthCheckException: Element not found.
at cucumber.api.testng.TestNGCucumberRunner.runCucumber(TestNGCucumberRunner.java:69)
at cucumber.api.testng.AbstractTestNGCucumberTests.feature(AbstractTestNGCucumberTests.java:21)
Caused by: exception.DLGHealthCheckException: Element not found.
at screens.CustomerDashboard.verifyPolicyNumbers(CustomerDashboard.java:31)
at cucumber.ss.dlg.CustomerDashboardStepsDefinition.verify_the_policy_number(CustomerDashboardStepsDefinition.java:25)
at âœ½.And verify the policy number(SelfServiceLoginAndValidatePolicy.feature:8)
Caused by: org.openqa.selenium.NoSuchElementException: Unable to locate element: {"method":"xpath","selector":"//span[@id='QUE_B3A80BADFCD28CFD90822_R1']"}
Command duration or timeout: 10.13 seconds
For documentation on this error, please visit: http://seleniumhq.org/exceptions/no_such_element.html
Build info: version: '2.53.1', revision: 'a36b8b1cd5757287168e54b817830adce9b0158d', time: '2016-06-30 19:26:09'
System info: host: 'IN00217', ip: '192.168.74.219', os.name: 'Windows 10', os.arch: 'amd64', os.version: '10.0', java.version: '1.8.0_171'
Driver info: org.openqa.selenium.firefox.FirefoxDriver
Capabilities [{applicationCacheEnabled=true, rotatable=false, handlesAlerts=true, databaseEnabled=true, version=47.0.1, platform=WINDOWS, nativeEvents=false, acceptSslCerts=true, webStorageEnabled=true, locationContextEnabled=true, browserName=firefox, takesScreenshot=true, javascriptEnabled=true, cssSelectorsEnabled=true}]
Session ID: d9087dfc-7c0f-485f-931a-5b79b7fe3e1d
*** Element info: {Using=xpath, value=//span[@id='QUE_B3A80BADFCD28CFD90822_R1']}
at org.openqa.selenium.remote.ErrorHandler.createThrowable(ErrorHandler.java:206)
at org.openqa.selenium.remote.ErrorHandler.throwIfResponseFailed(ErrorHandler.java:158)
at org.openqa.selenium.remote.RemoteWebDriver.execute(RemoteWebDriver.java:678)
at org.openqa.selenium.remote.RemoteWebDriver.findElement(RemoteWebDriver.java:363)
at org.openqa.selenium.remote.RemoteWebDriver.findElementByXPath(RemoteWebDriver.java:500)
at org.openqa.selenium.By$ByXPath.findElement(By.java:361)
at org.openqa.selenium.remote.RemoteWebDriver.findElement(RemoteWebDriver.java:355)
at UXP.Common.captureElementTextByXpath(Common.java:67)
at screens.CustomerDashboard.verifyPolicyNumbers(CustomerDashboard.java:23)
at cucumber.ss.dlg.CustomerDashboardStepsDefinition.verify_the_policy_number(CustomerDashboardStepsDefinition.java:25)
at cucumber.runtime.Utils$1.call(Utils.java:40)
at cucumber.runtime.Timeout.timeout(Timeout.java:16)
at cucumber.runtime.Utils.invoke(Utils.java:34)
at cucumber.runtime.java.JavaStepDefinition.execute(JavaStepDefinition.java:38)
at cucumber.runtime.StepDefinitionMatch.runStep(StepDefinitionMatch.java:37)
at cucumber.runtime.Runtime.runStep(Runtime.java:300)
at cucumber.runtime.model.StepContainer.runStep(StepContainer.java:44)
at cucumber.runtime.model.StepContainer.runSteps(StepContainer.java:39)
at cucumber.runtime.model.CucumberScenario.run(CucumberScenario.java:44)
at cucumber.runtime.model.CucumberFeature.run(CucumberFeature.java:165)
at cucumber.api.testng.TestNGCucumberRunner.runCucumber(TestNGCucumberRunner.java:63)
at cucumber.api.testng.AbstractTestNGCucumberTests.feature(AbstractTestNGCucumberTests.java:21)
Caused by: org.openqa.selenium.NoSuchElementException: Unable to locate element: {"method":"xpath","selector":"//span[@id='QUE_B3A80BADFCD28CFD90822_R1']"}
For documentation on this error, please visit: http://seleniumhq.org/exceptions/no_such_element.html
Build info: version: '2.53.1', revision: 'a36b8b1cd5757287168e54b817830adce9b0158d', time: '2016-06-30 19:26:09'
System info: host: 'IN00217', ip: '192.168.74.219', os.name: 'Windows 10', os.arch: 'amd64', os.version: '10.0', java.version: '1.8.0_171'
Driver info: driver.version: unknown
at <anonymous class>.FirefoxDriver.prototype.findElementInternal_(file:///C:/Users/PUREND~1.AGR/AppData/Local/Temp/anonymous4000019056606793187webdriver-profile/extensions/fxdriver@googlecode.com/components/driver-component.js:10770)
at <anonymous class>.fxdriver.Timer.prototype.setTimeout/<.notify(file:///C:/Users/PUREND~1.AGR/AppData/Local/Temp/anonymous4000019056606793187webdriver-profile/extensions/fxdriver@googlecode.com/components/driver-component.js:625)
... Removed 58 stack frames]]>
    </failure>
  </testcase> <!-- feature -->
</testsuite> <!-- Self Service Test Pack -->
