<?xml version="1.0" encoding="UTF-8"?>
<testng-results skipped="0" failed="1" ignored="0" total="1" passed="0">
  <reporter-output>
    <line>
      <![CDATA[<br><font color = grey><b><u>1&#8201&#8259&#8201;Home Page - Click on SignIn button&#8201&#8259&#8201;17.10.2018.09.26.46</u></b></font>]]>
    </line>
    <line>
      <![CDATA[<br>&#8201&#8201&#8201&#8201&#8201&#8201;1.1&#8201&#8259&#8201;<font color = black><b><font color = green><b>Pass</b></font> - Able to click </b></font><font color = blue><b><i>SignIn</i></b></font><font color = black><b> button successfully</b></font>]]>
    </line>
    <line>
      <![CDATA[<br><font color = grey><b><u>2&#8201&#8259&#8201;Login Screen - Enter login credentials&#8201&#8259&#8201;17.10.2018.09.27.30</u></b></font>]]>
    </line>
    <line>
      <![CDATA[<br>&#8201&#8201&#8201&#8201&#8201&#8201;2.1&#8201&#8259&#8201;<font color = black><b><font color = green><b>Pass</b></font> - Able to enter </b></font><font color = blue><b><i>ohkctkod@ssp-uk.com</i></b></font><font color = black><b> successfully in </b></font><font color = blue><b><i>username Inputbox</i></b></font>]]>
    </line>
    <line>
      <![CDATA[<br>&#8201&#8201&#8201&#8201&#8201&#8201;2.2&#8201&#8259&#8201;<font color = black><b><font color = green><b>Pass</b></font> - Able to enter </b></font><font color = blue><b><i>Passw0rd</i></b></font><font color = black><b> successfully in </b></font><font color = blue><b><i>password Inputbox</i></b></font>]]>
    </line>
    <line>
      <![CDATA[<br><font color = grey><b><u>3&#8201&#8259&#8201;Login Screen - Click on SignIn button&#8201&#8259&#8201;17.10.2018.09.27.43</u></b></font>]]>
    </line>
    <line>
      <![CDATA[<br>&#8201&#8201&#8201&#8201&#8201&#8201;3.1&#8201&#8259&#8201;<font color = black><b><font color = green><b>Pass</b></font> - Able to click </b></font><font color = blue><b><i>SignIn</i></b></font><font color = black><b> button successfully</b></font>]]>
    </line>
    <line>
      <![CDATA[<a target='_blank' href="\job\DLG-CD-Master\ws\2018_17_10_9_28_35.jpeg"\><font color = red><b><u>Failure Screenshot</u></b></font></a>]]>
    </line>
  </reporter-output>
  <suite name="DLG - UXP - SS Test Suite" duration-ms="129545" started-at="2018-10-17T03:56:26Z" finished-at="2018-10-17T03:58:36Z">
    <groups>
      <group name="cucumber">
        <method signature="AbstractTestNGCucumberTests.feature(cucumber.api.testng.CucumberFeatureWrapper)[pri:0, instance:cucumber.ss.dlg.SSrunnerTest@4461c7e3]" name="feature" class="cucumber.api.testng.AbstractTestNGCucumberTests"/>
      </group> <!-- cucumber -->
    </groups>
    <test name="Self Service Test Pack" duration-ms="129545" started-at="2018-10-17T03:56:26Z" finished-at="2018-10-17T03:58:36Z">
      <class name="cucumber.ss.dlg.SSrunnerTest">
        <test-method status="PASS" signature="setUpClass()[pri:0, instance:cucumber.ss.dlg.SSrunnerTest@4461c7e3]" name="setUpClass" is-config="true" duration-ms="114" started-at="2018-10-17T03:56:26Z" finished-at="2018-10-17T03:56:27Z">
          <reporter-output>
          </reporter-output>
        </test-method> <!-- setUpClass -->
        <test-method status="FAIL" signature="feature(cucumber.api.testng.CucumberFeatureWrapper)[pri:0, instance:cucumber.ss.dlg.SSrunnerTest@4461c7e3]" name="feature" duration-ms="128793" started-at="2018-10-17T03:56:27Z" description="Runs Cucumber Feature" data-provider="features" finished-at="2018-10-17T03:58:35Z">
          <params>
            <param index="0">
              <value>
                <![CDATA[Self Service login and verify policy]]>
              </value>
            </param>
          </params>
          <exception class="cucumber.runtime.CucumberException">
            <message>
              <![CDATA[exception.DLGHealthCheckException: Element not found.]]>
            </message>
            <full-stacktrace>
              <![CDATA[cucumber.runtime.CucumberException: exception.DLGHealthCheckException: Element not found.
at cucumber.api.testng.TestNGCucumberRunner.runCucumber(TestNGCucumberRunner.java:69)
at cucumber.api.testng.AbstractTestNGCucumberTests.feature(AbstractTestNGCucumberTests.java:21)
at sun.reflect.NativeMethodAccessorImpl.invoke0(Native Method)
at sun.reflect.NativeMethodAccessorImpl.invoke(NativeMethodAccessorImpl.java:62)
at sun.reflect.DelegatingMethodAccessorImpl.invoke(DelegatingMethodAccessorImpl.java:43)
at java.lang.reflect.Method.invoke(Method.java:498)
at org.testng.internal.MethodInvocationHelper.invokeMethod(MethodInvocationHelper.java:124)
at org.testng.internal.Invoker.invokeMethod(Invoker.java:580)
at org.testng.internal.Invoker.invokeTestMethod(Invoker.java:716)
at org.testng.internal.Invoker.invokeTestMethods(Invoker.java:988)
at org.testng.internal.TestMethodWorker.invokeTestMethods(TestMethodWorker.java:125)
at org.testng.internal.TestMethodWorker.run(TestMethodWorker.java:109)
at org.testng.TestRunner.privateRun(TestRunner.java:648)
at org.testng.TestRunner.run(TestRunner.java:505)
at org.testng.SuiteRunner.runTest(SuiteRunner.java:455)
at org.testng.SuiteRunner.runSequentially(SuiteRunner.java:450)
at org.testng.SuiteRunner.privateRun(SuiteRunner.java:415)
at org.testng.SuiteRunner.run(SuiteRunner.java:364)
at org.testng.SuiteRunnerWorker.runSuite(SuiteRunnerWorker.java:52)
at org.testng.SuiteRunnerWorker.run(SuiteRunnerWorker.java:84)
at org.testng.TestNG.runSuitesSequentially(TestNG.java:1208)
at org.testng.TestNG.runSuitesLocally(TestNG.java:1137)
at org.testng.TestNG.runSuites(TestNG.java:1049)
at org.testng.TestNG.run(TestNG.java:1017)
at org.testng.remote.AbstractRemoteTestNG.run(AbstractRemoteTestNG.java:114)
at org.testng.remote.RemoteTestNG.initAndRun(RemoteTestNG.java:251)
at org.testng.remote.RemoteTestNG.main(RemoteTestNG.java:77)
Caused by: exception.DLGHealthCheckException: Element not found.
at screens.CustomerDashboard.verifyPolicyNumbers(CustomerDashboard.java:31)
at cucumber.ss.dlg.CustomerDashboardStepsDefinition.verify_the_policy_number(CustomerDashboardStepsDefinition.java:25)
at âœ½.And verify the policy number(SelfServiceLoginAndValidatePolicy.feature:8)
Caused by: org.openqa.selenium.NoSuchElementException: Unable to locate element: {"method":"xpath","selector":"//span[@id='QUE_B3A80BADFCD28CFD90822_R1']"}
Command duration or timeout: 10.13 seconds
For documentation on this error, please visit: http://seleniumhq.org/exceptions/no_such_element.html
Build info: version: '2.53.1', revision: 'a36b8b1cd5757287168e54b817830adce9b0158d', time: '2016-06-30 19:26:09'
System info: host: 'IN00217', ip: '192.168.74.219', os.name: 'Windows 10', os.arch: 'amd64', os.version: '10.0', java.version: '1.8.0_171'
Driver info: org.openqa.selenium.firefox.FirefoxDriver
Capabilities [{applicationCacheEnabled=true, rotatable=false, handlesAlerts=true, databaseEnabled=true, version=47.0.1, platform=WINDOWS, nativeEvents=false, acceptSslCerts=true, webStorageEnabled=true, locationContextEnabled=true, browserName=firefox, takesScreenshot=true, javascriptEnabled=true, cssSelectorsEnabled=true}]
Session ID: d9087dfc-7c0f-485f-931a-5b79b7fe3e1d
*** Element info: {Using=xpath, value=//span[@id='QUE_B3A80BADFCD28CFD90822_R1']}
at sun.reflect.NativeConstructorAccessorImpl.newInstance0(Native Method)
at sun.reflect.NativeConstructorAccessorImpl.newInstance(NativeConstructorAccessorImpl.java:62)
at sun.reflect.DelegatingConstructorAccessorImpl.newInstance(DelegatingConstructorAccessorImpl.java:45)
at java.lang.reflect.Constructor.newInstance(Constructor.java:423)
at org.openqa.selenium.remote.ErrorHandler.createThrowable(ErrorHandler.java:206)
at org.openqa.selenium.remote.ErrorHandler.throwIfResponseFailed(ErrorHandler.java:158)
at org.openqa.selenium.remote.RemoteWebDriver.execute(RemoteWebDriver.java:678)
at org.openqa.selenium.remote.RemoteWebDriver.findElement(RemoteWebDriver.java:363)
at org.openqa.selenium.remote.RemoteWebDriver.findElementByXPath(RemoteWebDriver.java:500)
at org.openqa.selenium.By$ByXPath.findElement(By.java:361)
at org.openqa.selenium.remote.RemoteWebDriver.findElement(RemoteWebDriver.java:355)
at UXP.Common.captureElementTextByXpath(Common.java:67)
at screens.CustomerDashboard.verifyPolicyNumbers(CustomerDashboard.java:23)
at cucumber.ss.dlg.CustomerDashboardStepsDefinition.verify_the_policy_number(CustomerDashboardStepsDefinition.java:25)
at sun.reflect.NativeMethodAccessorImpl.invoke0(Native Method)
at sun.reflect.NativeMethodAccessorImpl.invoke(NativeMethodAccessorImpl.java:62)
at sun.reflect.DelegatingMethodAccessorImpl.invoke(DelegatingMethodAccessorImpl.java:43)
at java.lang.reflect.Method.invoke(Method.java:498)
at cucumber.runtime.Utils$1.call(Utils.java:40)
at cucumber.runtime.Timeout.timeout(Timeout.java:16)
at cucumber.runtime.Utils.invoke(Utils.java:34)
at cucumber.runtime.java.JavaStepDefinition.execute(JavaStepDefinition.java:38)
at cucumber.runtime.StepDefinitionMatch.runStep(StepDefinitionMatch.java:37)
at cucumber.runtime.Runtime.runStep(Runtime.java:300)
at cucumber.runtime.model.StepContainer.runStep(StepContainer.java:44)
at cucumber.runtime.model.StepContainer.runSteps(StepContainer.java:39)
at cucumber.runtime.model.CucumberScenario.run(CucumberScenario.java:44)
at cucumber.runtime.model.CucumberFeature.run(CucumberFeature.java:165)
at cucumber.api.testng.TestNGCucumberRunner.runCucumber(TestNGCucumberRunner.java:63)
at cucumber.api.testng.AbstractTestNGCucumberTests.feature(AbstractTestNGCucumberTests.java:21)
at sun.reflect.NativeMethodAccessorImpl.invoke0(Native Method)
at sun.reflect.NativeMethodAccessorImpl.invoke(NativeMethodAccessorImpl.java:62)
at sun.reflect.DelegatingMethodAccessorImpl.invoke(DelegatingMethodAccessorImpl.java:43)
at java.lang.reflect.Method.invoke(Method.java:498)
at org.testng.internal.MethodInvocationHelper.invokeMethod(MethodInvocationHelper.java:124)
at org.testng.internal.Invoker.invokeMethod(Invoker.java:580)
at org.testng.internal.Invoker.invokeTestMethod(Invoker.java:716)
at org.testng.internal.Invoker.invokeTestMethods(Invoker.java:988)
at org.testng.internal.TestMethodWorker.invokeTestMethods(TestMethodWorker.java:125)
at org.testng.internal.TestMethodWorker.run(TestMethodWorker.java:109)
at org.testng.TestRunner.privateRun(TestRunner.java:648)
at org.testng.TestRunner.run(TestRunner.java:505)
at org.testng.SuiteRunner.runTest(SuiteRunner.java:455)
at org.testng.SuiteRunner.runSequentially(SuiteRunner.java:450)
at org.testng.SuiteRunner.privateRun(SuiteRunner.java:415)
at org.testng.SuiteRunner.run(SuiteRunner.java:364)
at org.testng.SuiteRunnerWorker.runSuite(SuiteRunnerWorker.java:52)
at org.testng.SuiteRunnerWorker.run(SuiteRunnerWorker.java:84)
at org.testng.TestNG.runSuitesSequentially(TestNG.java:1208)
at org.testng.TestNG.runSuitesLocally(TestNG.java:1137)
at org.testng.TestNG.runSuites(TestNG.java:1049)
at org.testng.TestNG.run(TestNG.java:1017)
at org.testng.remote.AbstractRemoteTestNG.run(AbstractRemoteTestNG.java:114)
at org.testng.remote.RemoteTestNG.initAndRun(RemoteTestNG.java:251)
at org.testng.remote.RemoteTestNG.main(RemoteTestNG.java:77)
Caused by: org.openqa.selenium.NoSuchElementException: Unable to locate element: {"method":"xpath","selector":"//span[@id='QUE_B3A80BADFCD28CFD90822_R1']"}
For documentation on this error, please visit: http://seleniumhq.org/exceptions/no_such_element.html
Build info: version: '2.53.1', revision: 'a36b8b1cd5757287168e54b817830adce9b0158d', time: '2016-06-30 19:26:09'
System info: host: 'IN00217', ip: '192.168.74.219', os.name: 'Windows 10', os.arch: 'amd64', os.version: '10.0', java.version: '1.8.0_171'
Driver info: driver.version: unknown
at <anonymous class>.FirefoxDriver.prototype.findElementInternal_(file:///C:/Users/PUREND~1.AGR/AppData/Local/Temp/anonymous4000019056606793187webdriver-profile/extensions/fxdriver@googlecode.com/components/driver-component.js:10770)
at <anonymous class>.fxdriver.Timer.prototype.setTimeout/<.notify(file:///C:/Users/PUREND~1.AGR/AppData/Local/Temp/anonymous4000019056606793187webdriver-profile/extensions/fxdriver@googlecode.com/components/driver-component.js:625)
]]>
            </full-stacktrace>
          </exception> <!-- cucumber.runtime.CucumberException -->
          <reporter-output>
            <line>
              <![CDATA[<br><font color = grey><b><u>1&#8201&#8259&#8201;Home Page - Click on SignIn button&#8201&#8259&#8201;17.10.2018.09.26.46</u></b></font>]]>
            </line>
            <line>
              <![CDATA[<br>&#8201&#8201&#8201&#8201&#8201&#8201;1.1&#8201&#8259&#8201;<font color = black><b><font color = green><b>Pass</b></font> - Able to click </b></font><font color = blue><b><i>SignIn</i></b></font><font color = black><b> button successfully</b></font>]]>
            </line>
            <line>
              <![CDATA[<br><font color = grey><b><u>2&#8201&#8259&#8201;Login Screen - Enter login credentials&#8201&#8259&#8201;17.10.2018.09.27.30</u></b></font>]]>
            </line>
            <line>
              <![CDATA[<br>&#8201&#8201&#8201&#8201&#8201&#8201;2.1&#8201&#8259&#8201;<font color = black><b><font color = green><b>Pass</b></font> - Able to enter </b></font><font color = blue><b><i>ohkctkod@ssp-uk.com</i></b></font><font color = black><b> successfully in </b></font><font color = blue><b><i>username Inputbox</i></b></font>]]>
            </line>
            <line>
              <![CDATA[<br>&#8201&#8201&#8201&#8201&#8201&#8201;2.2&#8201&#8259&#8201;<font color = black><b><font color = green><b>Pass</b></font> - Able to enter </b></font><font color = blue><b><i>Passw0rd</i></b></font><font color = black><b> successfully in </b></font><font color = blue><b><i>password Inputbox</i></b></font>]]>
            </line>
            <line>
              <![CDATA[<br><font color = grey><b><u>3&#8201&#8259&#8201;Login Screen - Click on SignIn button&#8201&#8259&#8201;17.10.2018.09.27.43</u></b></font>]]>
            </line>
            <line>
              <![CDATA[<br>&#8201&#8201&#8201&#8201&#8201&#8201;3.1&#8201&#8259&#8201;<font color = black><b><font color = green><b>Pass</b></font> - Able to click </b></font><font color = blue><b><i>SignIn</i></b></font><font color = black><b> button successfully</b></font>]]>
            </line>
            <line>
              <![CDATA[<a target='_blank' href="\job\DLG-CD-Master\ws\2018_17_10_9_28_35.jpeg"\><font color = red><b><u>Failure Screenshot</u></b></font></a>]]>
            </line>
          </reporter-output>
        </test-method> <!-- feature -->
        <test-method status="PASS" signature="tearDownClass()[pri:0, instance:cucumber.ss.dlg.SSrunnerTest@4461c7e3]" name="tearDownClass" is-config="true" duration-ms="6" started-at="2018-10-17T03:58:36Z" finished-at="2018-10-17T03:58:36Z">
          <reporter-output>
          </reporter-output>
        </test-method> <!-- tearDownClass -->
        <test-method status="PASS" signature="quitDriver()[pri:0, instance:cucumber.ss.dlg.SSrunnerTest@4461c7e3]" name="quitDriver" is-config="true" duration-ms="442" started-at="2018-10-17T03:58:36Z" finished-at="2018-10-17T03:58:36Z">
          <reporter-output>
          </reporter-output>
        </test-method> <!-- quitDriver -->
      </class> <!-- cucumber.ss.dlg.SSrunnerTest -->
    </test> <!-- Self Service Test Pack -->
  </suite> <!-- DLG - UXP - SS Test Suite -->
</testng-results>
